<?xml version="1.0" encoding="UTF-8"?>
<!-- Generated by org.testng.reporters.JUnitReportReporter -->
<testsuite hostname="TYSS-Akash-Deb" failures="0" tests="1" name="leads_Module.ToCreateLeadTest" time="18.516" errors="0" timestamp="17 Oct 2023 10:21:17 GMT" skipped="0">
  <testcase classname="leads_Module.ToCreateLeadTest" name="toCreateALeadAndToVerifyTheLeadInformationTest" time="18.516"/>
</testsuite> <!-- leads_Module.ToCreateLeadTest -->
