<?xml version="1.0" encoding="UTF-8"?>
<!-- Generated by org.testng.reporters.JUnitReportReporter -->
<testsuite hostname="TYSS-Akash-Deb" failures="0" tests="1" name="product_Module.ToCreateAProductTest" time="33.278" errors="0" timestamp="2023-10-16T14:43:19 IST" skipped="0">
  <testcase classname="product_Module.ToCreateAProductTest" name="toCreateAProductWithVendorInformation" time="33.278"/>
</testsuite> <!-- product_Module.ToCreateAProductTest -->
